<?xml version="1.0" encoding="UTF-8"?>
<testng-results skipped="0" failed="0" total="1" passed="1">
  <reporter-output>
  </reporter-output>
  <suite name="Default suite" duration-ms="26806" started-at="2018-11-19T13:14:15Z" finished-at="2018-11-19T13:14:42Z">
    <groups>
    </groups>
    <test name="Default test" duration-ms="26806" started-at="2018-11-19T13:14:15Z" finished-at="2018-11-19T13:14:42Z">
      <class name="ZoomInZoomOutInSelenium">
        <test-method status="PASS" signature="zoomInZoomOutInSelenium()[pri:0, instance:ZoomInZoomOutInSelenium@16a51ab]" name="zoomInZoomOutInSelenium" duration-ms="26783" started-at="2018-11-19T18:44:15Z" finished-at="2018-11-19T18:44:42Z">
          <reporter-output>
          </reporter-output>
        </test-method> <!-- zoomInZoomOutInSelenium -->
      </class> <!-- ZoomInZoomOutInSelenium -->
    </test> <!-- Default test -->
  </suite> <!-- Default suite -->
</testng-results>
