<?xml version="1.0" encoding="UTF-8"?>
<testng-results skipped="0" failed="0" ignored="0" total="1" passed="1">
  <reporter-output>
  </reporter-output>
  <suite name="Default suite" duration-ms="25237" started-at="2018-11-22T12:59:16Z" finished-at="2018-11-22T12:59:42Z">
    <groups>
    </groups>
    <test name="Default test" duration-ms="25237" started-at="2018-11-22T12:59:16Z" finished-at="2018-11-22T12:59:42Z">
      <class name="common.HowToHandelCalendarORTextBoxORSelectBox">
        <test-method status="PASS" signature="enterText()[pri:0, instance:common.HowToHandelCalendarORTextBoxORSelectBox@23a2f9]" name="enterText" duration-ms="25181" started-at="2018-11-22T18:29:16Z" finished-at="2018-11-22T18:29:42Z">
          <reporter-output>
          </reporter-output>
        </test-method> <!-- enterText -->
      </class> <!-- common.HowToHandelCalendarORTextBoxORSelectBox -->
    </test> <!-- Default test -->
  </suite> <!-- Default suite -->
</testng-results>
